  [4;36;1mSQL (0.2ms)[0m   [0;1mSET NAMES 'utf8'[0m
  [4;35;1mSQL (0.1ms)[0m   [0mSET SQL_AUTO_IS_NULL=0[0m
  [4;36;1mSQL (0.3ms)[0m   [0;1mSHOW TABLES[0m
  [4;35;1mSQL (19.8ms)[0m   [0mCREATE TABLE `schema_migrations` (`version` varchar(255) NOT NULL) ENGINE=InnoDB[0m
  [4;36;1mSQL (19.7ms)[0m   [0;1mCREATE UNIQUE INDEX `unique_schema_migrations` ON `schema_migrations` (`version`)[0m
  [4;35;1mSQL (0.3ms)[0m   [0mSHOW TABLES[0m
  [4;36;1mSQL (0.3ms)[0m   [0;1mSELECT version FROM schema_migrations[0m
Migrating to CreateUsers (20091126155145)
  [4;35;1mSQL (27.8ms)[0m   [0mCREATE TABLE `users` (`id` int(11) DEFAULT NULL auto_increment PRIMARY KEY, `login` varchar(255) NOT NULL, `email` varchar(255) NOT NULL, `crypted_password` varchar(255) NOT NULL, `password_salt` varchar(255) NOT NULL, `persistence_token` varchar(255) NOT NULL, `single_access_token` varchar(255) NOT NULL, `perishable_token` varchar(255) NOT NULL, `login_count` int(11) DEFAULT 0 NOT NULL, `failed_login_count` int(11) DEFAULT 0 NOT NULL, `last_request_at` datetime, `current_login_at` datetime, `last_login_at` datetime, `current_login_ip` varchar(255), `last_login_ip` varchar(255), `created_at` datetime, `updated_at` datetime) ENGINE=InnoDB[0m
  [4;36;1mSQL (0.6ms)[0m   [0;1mINSERT INTO schema_migrations (version) VALUES ('20091126155145')[0m
  [4;35;1mSQL (0.3ms)[0m   [0mSHOW TABLES[0m
  [4;36;1mSQL (0.1ms)[0m   [0;1mSELECT version FROM schema_migrations[0m
  [4;35;1mSQL (0.1ms)[0m   [0mSHOW TABLES[0m
  [4;36;1mSQL (1.3ms)[0m   [0;1mSHOW FIELDS FROM `users`[0m
  [4;35;1mSQL (1.1ms)[0m   [0mdescribe `users`[0m
  [4;36;1mSQL (0.2ms)[0m   [0;1mSHOW KEYS FROM `users`[0m
  [4;36;1mSQL (0.1ms)[0m   [0;1mSET NAMES 'utf8'[0m
  [4;35;1mSQL (0.1ms)[0m   [0mSET SQL_AUTO_IS_NULL=0[0m


Processing UsersController#new (for 130.79.7.1 at 2009-12-03 15:47:07) [GET]
  Parameters: {"action"=>"new", "controller"=>"users"}
  [4;36;1mUser Columns (1.2ms)[0m   [0;1mSHOW FIELDS FROM `users`[0m
Rendering users/new
Rendered users/_form (3.8ms)
Completed in 79ms (View: 50, DB: 1) | 200 OK [http://codd.u-strasbg.fr/account/new]
  [4;35;1mSQL (0.1ms)[0m   [0mSET NAMES 'utf8'[0m
  [4;36;1mSQL (0.1ms)[0m   [0;1mSET SQL_AUTO_IS_NULL=0[0m


Processing UsersController#new (for 130.79.7.1 at 2009-12-03 15:50:09) [GET]
  Parameters: {"action"=>"new", "controller"=>"users"}
  [4;35;1mUser Columns (1.2ms)[0m   [0mSHOW FIELDS FROM `users`[0m
Rendering users/new
Rendered users/_form (1.5ms)
Completed in 72ms (View: 11, DB: 1) | 200 OK [http://codd.u-strasbg.fr/account/new]
  [4;36;1mSQL (0.1ms)[0m   [0;1mSET NAMES 'utf8'[0m
  [4;35;1mSQL (0.1ms)[0m   [0mSET SQL_AUTO_IS_NULL=0[0m


Processing UsersController#create (for 130.79.7.1 at 2009-12-03 15:50:17) [POST]
  Parameters: {"commit"=>"Register", "action"=>"create", "authenticity_token"=>"Y4kGFLz2/tgeby0yPSPMEEUvOpyBKvy8mH0hv2MDczU=", "controller"=>"users", "user"=>{"password_confirmation"=>"[FILTERED]", "password"=>"[FILTERED]", "login"=>"Altris"}}
  [4;36;1mUser Columns (1.4ms)[0m   [0;1mSHOW FIELDS FROM `users`[0m
  [4;35;1mSQL (0.1ms)[0m   [0mBEGIN[0m
  [4;36;1mUser Load (43.1ms)[0m   [0;1mSELECT `users`.id FROM `users` WHERE (LOWER(`users`.`login`) = BINARY 'altris') LIMIT 1[0m
  [4;35;1mUser Load (0.1ms)[0m   [0mSELECT `users`.id FROM `users` WHERE (`users`.`persistence_token` = BINARY '49ea9a9b41f4563f76996310d3de85e8fb6470b9db375d9459971dd6f9d3dc036b7c9e62d4fde4a648069202b88e10cb0fdbc2b23b931044336e0bc8e516aebc') LIMIT 1[0m
  [4;36;1mUser Load (0.1ms)[0m   [0;1mSELECT `users`.id FROM `users` WHERE (`users`.`single_access_token` = BINARY 'riUYsvulpmE9tTKusHir') LIMIT 1[0m
  [4;35;1mSQL (0.1ms)[0m   [0mROLLBACK[0m
Rendering users/new
Rendered users/_form (1.7ms)
Completed in 189ms (View: 8, DB: 45) | 200 OK [http://codd.u-strasbg.fr/account]
  [4;36;1mSQL (0.1ms)[0m   [0;1mSET NAMES 'utf8'[0m
  [4;35;1mSQL (0.1ms)[0m   [0mSET SQL_AUTO_IS_NULL=0[0m


Processing UsersController#create (for 130.79.7.1 at 2009-12-03 15:55:08) [POST]
  Parameters: {"commit"=>"Register", "action"=>"create", "authenticity_token"=>"Y4kGFLz2/tgeby0yPSPMEEUvOpyBKvy8mH0hv2MDczU=", "controller"=>"users", "user"=>{"password_confirmation"=>"[FILTERED]", "password"=>"[FILTERED]", "login"=>"Altris"}}
  [4;36;1mUser Columns (1.2ms)[0m   [0;1mSHOW FIELDS FROM `users`[0m
  [4;35;1mSQL (0.1ms)[0m   [0mBEGIN[0m
  [4;36;1mUser Load (0.2ms)[0m   [0;1mSELECT `users`.id FROM `users` WHERE (LOWER(`users`.`login`) = BINARY 'altris') LIMIT 1[0m
  [4;35;1mUser Load (0.1ms)[0m   [0mSELECT `users`.id FROM `users` WHERE (`users`.`persistence_token` = BINARY '1354c611817dc3e8bf0485af45be888dbfd5cb7ce79feb3e3e4bf8e89e40a79c940ae3f456d3300737e2d4c8774fd1d63d6558274a7757a6fecd5cf2de73de69') LIMIT 1[0m
  [4;36;1mUser Load (0.1ms)[0m   [0;1mSELECT `users`.id FROM `users` WHERE (`users`.`single_access_token` = BINARY 'ZUbEfBtVmxYlcZlLcABZ') LIMIT 1[0m
  [4;35;1mSQL (0.1ms)[0m   [0mROLLBACK[0m
Rendering users/new
Rendered users/_form (6.2ms)
Completed in 111ms (View: 83, DB: 2) | 200 OK [http://codd.u-strasbg.fr/account]
  [4;36;1mSQL (0.1ms)[0m   [0;1mSET NAMES 'utf8'[0m
  [4;35;1mSQL (0.1ms)[0m   [0mSET SQL_AUTO_IS_NULL=0[0m


Processing UsersController#create (for 130.79.7.1 at 2009-12-03 15:55:21) [POST]
  Parameters: {"commit"=>"Register", "action"=>"create", "authenticity_token"=>"Y4kGFLz2/tgeby0yPSPMEEUvOpyBKvy8mH0hv2MDczU=", "controller"=>"users", "user"=>{"password_confirmation"=>"[FILTERED]", "password"=>"[FILTERED]", "login"=>"Altris", "email"=>"jeremaltris@hotmail.fr"}}
  [4;36;1mUser Columns (1.2ms)[0m   [0;1mSHOW FIELDS FROM `users`[0m
  [4;35;1mSQL (0.1ms)[0m   [0mBEGIN[0m
  [4;36;1mUser Load (0.2ms)[0m   [0;1mSELECT `users`.id FROM `users` WHERE (LOWER(`users`.`email`) = BINARY 'jeremaltris@hotmail.fr') LIMIT 1[0m
  [4;35;1mUser Load (0.1ms)[0m   [0mSELECT `users`.id FROM `users` WHERE (LOWER(`users`.`login`) = BINARY 'altris') LIMIT 1[0m
  [4;36;1mUser Load (0.1ms)[0m   [0;1mSELECT `users`.id FROM `users` WHERE (`users`.`persistence_token` = BINARY '8132fd3d605d1dab3bb1670bfc13bf1a140dec61a2f75750e5bf0d51604e786bc67c56ce5bfdf10888e900bee6d19cf6ce0cae41fe4a782975ea209ea485abf4') LIMIT 1[0m
  [4;35;1mUser Load (0.1ms)[0m   [0mSELECT `users`.id FROM `users` WHERE (`users`.`single_access_token` = BINARY 'c-2YfZV8QmkT18CWSAIV') LIMIT 1[0m
  [4;36;1mUser Create (0.4ms)[0m   [0;1mINSERT INTO `users` (`single_access_token`, `last_request_at`, `created_at`, `crypted_password`, `perishable_token`, `updated_at`, `failed_login_count`, `current_login_ip`, `password_salt`, `current_login_at`, `persistence_token`, `login_count`, `last_login_ip`, `login`, `last_login_at`, `email`) VALUES('c-2YfZV8QmkT18CWSAIV', '2009-12-03 14:55:21', '2009-12-03 14:55:21', '8e40a10625c924bab001cfd876eb398346b3a75134f924552cdcf843b642f1c33c2816426e752c359aef9034f6313bce2eda57898af72e36047b4f971c8be9f9', 'V3mtbe_H74NorPks0hLq', '2009-12-03 14:55:21', 0, '130.79.7.1', '5BELtsuJhn6T-LvANBYR', '2009-12-03 14:55:21', '8132fd3d605d1dab3bb1670bfc13bf1a140dec61a2f75750e5bf0d51604e786bc67c56ce5bfdf10888e900bee6d19cf6ce0cae41fe4a782975ea209ea485abf4', 1, NULL, 'Altris', NULL, 'jeremaltris@hotmail.fr')[0m
  [4;35;1mSQL (0.6ms)[0m   [0mCOMMIT[0m
Redirected to http://codd.u-strasbg.fr:3300/account
Completed in 135ms (DB: 3) | 302 Found [http://codd.u-strasbg.fr/account]
  [4;36;1mSQL (0.1ms)[0m   [0;1mSET NAMES 'utf8'[0m
  [4;35;1mSQL (0.1ms)[0m   [0mSET SQL_AUTO_IS_NULL=0[0m


Processing UsersController#show (for 130.79.7.1 at 2009-12-03 15:55:21) [GET]
  Parameters: {"action"=>"show", "controller"=>"users"}
  [4;36;1mUser Columns (1.2ms)[0m   [0;1mSHOW FIELDS FROM `users`[0m
  [4;35;1mUser Load (0.3ms)[0m   [0mSELECT * FROM `users` WHERE (`users`.`persistence_token` = '8132fd3d605d1dab3bb1670bfc13bf1a140dec61a2f75750e5bf0d51604e786bc67c56ce5bfdf10888e900bee6d19cf6ce0cae41fe4a782975ea209ea485abf4') LIMIT 1[0m
  [4;36;1mSQL (0.1ms)[0m   [0;1mBEGIN[0m
  [4;35;1mUser Update (0.3ms)[0m   [0mUPDATE `users` SET `updated_at` = '2009-12-03 14:55:21', `perishable_token` = 'SvjSDvJPHwpH8qlBN5OI', `last_request_at` = '2009-12-03 14:55:21' WHERE `id` = 1[0m
  [4;36;1mSQL (0.4ms)[0m   [0;1mCOMMIT[0m
Rendering users/show
Completed in 53ms (View: 18, DB: 2) | 200 OK [http://codd.u-strasbg.fr/account]
  [4;35;1mSQL (0.1ms)[0m   [0mSET NAMES 'utf8'[0m
  [4;36;1mSQL (0.1ms)[0m   [0;1mSET SQL_AUTO_IS_NULL=0[0m


Processing UsersController#new (for 130.79.7.2 at 2009-12-03 16:28:08) [GET]
  Parameters: {"action"=>"new", "controller"=>"users"}
  [4;35;1mUser Columns (1.2ms)[0m   [0mSHOW FIELDS FROM `users`[0m
Rendering users/new
Rendered users/_form (1.8ms)
Completed in 26ms (View: 8, DB: 1) | 200 OK [http://codd.u-strasbg.fr/account/new]
  [4;36;1mSQL (0.1ms)[0m   [0;1mSET NAMES 'utf8'[0m
  [4;35;1mSQL (0.0ms)[0m   [0mSET SQL_AUTO_IS_NULL=0[0m


Processing UsersController#create (for 130.79.7.2 at 2009-12-03 16:28:25) [POST]
  Parameters: {"commit"=>"Register", "action"=>"create", "authenticity_token"=>"0+nXv76jOQ9Wb2UEn5pv4L/rXozn+9Dn7qSN3CpG7ag=", "controller"=>"users", "user"=>{"password_confirmation"=>"[FILTERED]", "password"=>"[FILTERED]", "login"=>"pipo", "email"=>"pipo@molo.fr"}}
  [4;36;1mUser Columns (1.5ms)[0m   [0;1mSHOW FIELDS FROM `users`[0m
  [4;35;1mSQL (0.1ms)[0m   [0mBEGIN[0m
  [4;36;1mUser Load (0.3ms)[0m   [0;1mSELECT `users`.id FROM `users` WHERE (LOWER(`users`.`email`) = BINARY 'pipo@molo.fr') LIMIT 1[0m
  [4;35;1mUser Load (0.1ms)[0m   [0mSELECT `users`.id FROM `users` WHERE (LOWER(`users`.`login`) = BINARY 'pipo') LIMIT 1[0m
  [4;36;1mUser Load (0.1ms)[0m   [0;1mSELECT `users`.id FROM `users` WHERE (`users`.`persistence_token` = BINARY '74cd8b3df61b959d85d80680ed6c5c5d6f40f4369fe2e2d95dace2e54d35077dc2fdcc0527fcc7d84484f1e8d1072c524d72b6659da85eadba131900654e2cbe') LIMIT 1[0m
  [4;35;1mUser Load (0.1ms)[0m   [0mSELECT `users`.id FROM `users` WHERE (`users`.`single_access_token` = BINARY 't5wqQHzWNEuo_7rNAGr-') LIMIT 1[0m
  [4;36;1mUser Create (0.3ms)[0m   [0;1mINSERT INTO `users` (`single_access_token`, `last_request_at`, `created_at`, `crypted_password`, `perishable_token`, `updated_at`, `failed_login_count`, `current_login_ip`, `password_salt`, `current_login_at`, `persistence_token`, `login_count`, `last_login_ip`, `login`, `last_login_at`, `email`) VALUES('t5wqQHzWNEuo_7rNAGr-', '2009-12-03 15:28:25', '2009-12-03 15:28:25', '6cdc95a3e4525769c428b7308bc687a8a7bc81fa0ebbdaf3014db687856346b5aaa84bc8756f79701d955eab612fadcd6fe60e36cb343224cbccb869129e166b', 'bNJhFCLlkEg4c05qjkwb', '2009-12-03 15:28:25', 0, '130.79.7.2', '42B9ufVoT4AOvyWJA-GL', '2009-12-03 15:28:25', '74cd8b3df61b959d85d80680ed6c5c5d6f40f4369fe2e2d95dace2e54d35077dc2fdcc0527fcc7d84484f1e8d1072c524d72b6659da85eadba131900654e2cbe', 1, NULL, 'pipo', NULL, 'pipo@molo.fr')[0m
  [4;35;1mSQL (0.7ms)[0m   [0mCOMMIT[0m
Redirected to http://codd.u-strasbg.fr:3300/account
Completed in 99ms (DB: 3) | 302 Found [http://codd.u-strasbg.fr/account]
  [4;36;1mSQL (0.1ms)[0m   [0;1mSET NAMES 'utf8'[0m
  [4;35;1mSQL (0.1ms)[0m   [0mSET SQL_AUTO_IS_NULL=0[0m


Processing UsersController#create (for 130.79.7.2 at 2009-12-03 16:28:30) [POST]
  Parameters: {"commit"=>"Register", "action"=>"create", "authenticity_token"=>"0+nXv76jOQ9Wb2UEn5pv4L/rXozn+9Dn7qSN3CpG7ag=", "controller"=>"users", "user"=>{"password_confirmation"=>"[FILTERED]", "password"=>"[FILTERED]", "login"=>"pipo", "email"=>"pipo@molo.fr"}}
  [4;36;1mUser Columns (1.2ms)[0m   [0;1mSHOW FIELDS FROM `users`[0m
  [4;35;1mUser Load (0.3ms)[0m   [0mSELECT * FROM `users` WHERE (`users`.`persistence_token` = '74cd8b3df61b959d85d80680ed6c5c5d6f40f4369fe2e2d95dace2e54d35077dc2fdcc0527fcc7d84484f1e8d1072c524d72b6659da85eadba131900654e2cbe') LIMIT 1[0m
  [4;36;1mSQL (0.1ms)[0m   [0;1mBEGIN[0m
  [4;35;1mUser Update (0.3ms)[0m   [0mUPDATE `users` SET `updated_at` = '2009-12-03 15:28:30', `perishable_token` = '9_Ww14PB4n8LCMm9rC9N', `last_request_at` = '2009-12-03 15:28:30' WHERE `id` = 2[0m
  [4;36;1mSQL (0.6ms)[0m   [0;1mCOMMIT[0m
Redirected to http://codd.u-strasbg.fr:3300/account
Filter chain halted as [:require_no_user] rendered_or_redirected.
Completed in 23ms (DB: 3) | 302 Found [http://codd.u-strasbg.fr/account]
  [4;35;1mSQL (0.1ms)[0m   [0mSET NAMES 'utf8'[0m
  [4;36;1mSQL (0.1ms)[0m   [0;1mSET SQL_AUTO_IS_NULL=0[0m


Processing UsersController#create (for 130.79.7.2 at 2009-12-03 16:28:34) [POST]
  Parameters: {"commit"=>"Register", "action"=>"create", "authenticity_token"=>"0+nXv76jOQ9Wb2UEn5pv4L/rXozn+9Dn7qSN3CpG7ag=", "controller"=>"users", "user"=>{"password_confirmation"=>"[FILTERED]", "password"=>"[FILTERED]", "login"=>"pipo", "email"=>"pipo@molo.fr"}}
  [4;35;1mUser Columns (1.2ms)[0m   [0mSHOW FIELDS FROM `users`[0m
  [4;36;1mUser Load (0.3ms)[0m   [0;1mSELECT * FROM `users` WHERE (`users`.`persistence_token` = '74cd8b3df61b959d85d80680ed6c5c5d6f40f4369fe2e2d95dace2e54d35077dc2fdcc0527fcc7d84484f1e8d1072c524d72b6659da85eadba131900654e2cbe') LIMIT 1[0m
  [4;35;1mSQL (0.1ms)[0m   [0mBEGIN[0m
  [4;36;1mUser Update (0.3ms)[0m   [0;1mUPDATE `users` SET `updated_at` = '2009-12-03 15:28:34', `perishable_token` = 'FMnxkQVNbyoXhilLqnfC', `last_request_at` = '2009-12-03 15:28:34' WHERE `id` = 2[0m
  [4;35;1mSQL (0.6ms)[0m   [0mCOMMIT[0m
Redirected to http://codd.u-strasbg.fr:3300/account
Filter chain halted as [:require_no_user] rendered_or_redirected.
Completed in 21ms (DB: 3) | 302 Found [http://codd.u-strasbg.fr/account]
  [4;36;1mSQL (0.1ms)[0m   [0;1mSET NAMES 'utf8'[0m
  [4;35;1mSQL (0.1ms)[0m   [0mSET SQL_AUTO_IS_NULL=0[0m


Processing UsersController#create (for 130.79.7.2 at 2009-12-03 16:28:36) [POST]
  Parameters: {"commit"=>"Register", "action"=>"create", "authenticity_token"=>"0+nXv76jOQ9Wb2UEn5pv4L/rXozn+9Dn7qSN3CpG7ag=", "controller"=>"users", "user"=>{"password_confirmation"=>"[FILTERED]", "password"=>"[FILTERED]", "login"=>"pipo", "email"=>"pipo@molo.fr"}}
  [4;36;1mUser Columns (1.2ms)[0m   [0;1mSHOW FIELDS FROM `users`[0m
  [4;35;1mUser Load (0.4ms)[0m   [0mSELECT * FROM `users` WHERE (`users`.`persistence_token` = '74cd8b3df61b959d85d80680ed6c5c5d6f40f4369fe2e2d95dace2e54d35077dc2fdcc0527fcc7d84484f1e8d1072c524d72b6659da85eadba131900654e2cbe') LIMIT 1[0m
  [4;36;1mSQL (0.1ms)[0m   [0;1mBEGIN[0m
  [4;35;1mUser Update (0.3ms)[0m   [0mUPDATE `users` SET `updated_at` = '2009-12-03 15:28:36', `perishable_token` = 'Gc4FqrKuU69G_SPB2nJe', `last_request_at` = '2009-12-03 15:28:36' WHERE `id` = 2[0m
  [4;36;1mSQL (5.2ms)[0m   [0;1mCOMMIT[0m
Redirected to http://codd.u-strasbg.fr:3300/account
Filter chain halted as [:require_no_user] rendered_or_redirected.
Completed in 24ms (DB: 7) | 302 Found [http://codd.u-strasbg.fr/account]
  [4;35;1mSQL (0.1ms)[0m   [0mSET NAMES 'utf8'[0m
  [4;36;1mSQL (0.0ms)[0m   [0;1mSET SQL_AUTO_IS_NULL=0[0m


Processing UsersController#create (for 130.79.7.2 at 2009-12-03 16:28:37) [POST]
  Parameters: {"commit"=>"Register", "action"=>"create", "authenticity_token"=>"0+nXv76jOQ9Wb2UEn5pv4L/rXozn+9Dn7qSN3CpG7ag=", "controller"=>"users", "user"=>{"password_confirmation"=>"[FILTERED]", "password"=>"[FILTERED]", "login"=>"pipo", "email"=>"pipo@molo.fr"}}
  [4;35;1mUser Columns (1.2ms)[0m   [0mSHOW FIELDS FROM `users`[0m
  [4;36;1mUser Load (0.3ms)[0m   [0;1mSELECT * FROM `users` WHERE (`users`.`persistence_token` = '74cd8b3df61b959d85d80680ed6c5c5d6f40f4369fe2e2d95dace2e54d35077dc2fdcc0527fcc7d84484f1e8d1072c524d72b6659da85eadba131900654e2cbe') LIMIT 1[0m
  [4;35;1mSQL (0.1ms)[0m   [0mBEGIN[0m
  [4;36;1mUser Update (0.3ms)[0m   [0;1mUPDATE `users` SET `updated_at` = '2009-12-03 15:28:37', `perishable_token` = 'nRadzUsQdWDQqBjSwoW4', `last_request_at` = '2009-12-03 15:28:37' WHERE `id` = 2[0m
  [4;35;1mSQL (0.5ms)[0m   [0mCOMMIT[0m
Redirected to http://codd.u-strasbg.fr:3300/account
Filter chain halted as [:require_no_user] rendered_or_redirected.
Completed in 19ms (DB: 3) | 302 Found [http://codd.u-strasbg.fr/account]
  [4;36;1mSQL (0.1ms)[0m   [0;1mSET NAMES 'utf8'[0m
  [4;35;1mSQL (0.0ms)[0m   [0mSET SQL_AUTO_IS_NULL=0[0m


Processing UsersController#create (for 130.79.7.2 at 2009-12-03 16:28:38) [POST]
  Parameters: {"commit"=>"Register", "action"=>"create", "authenticity_token"=>"0+nXv76jOQ9Wb2UEn5pv4L/rXozn+9Dn7qSN3CpG7ag=", "controller"=>"users", "user"=>{"password_confirmation"=>"[FILTERED]", "password"=>"[FILTERED]", "login"=>"pipo", "email"=>"pipo@molo.fr"}}
  [4;36;1mUser Columns (1.2ms)[0m   [0;1mSHOW FIELDS FROM `users`[0m
  [4;35;1mUser Load (0.3ms)[0m   [0mSELECT * FROM `users` WHERE (`users`.`persistence_token` = '74cd8b3df61b959d85d80680ed6c5c5d6f40f4369fe2e2d95dace2e54d35077dc2fdcc0527fcc7d84484f1e8d1072c524d72b6659da85eadba131900654e2cbe') LIMIT 1[0m
  [4;36;1mSQL (0.1ms)[0m   [0;1mBEGIN[0m
  [4;35;1mUser Update (0.3ms)[0m   [0mUPDATE `users` SET `updated_at` = '2009-12-03 15:28:38', `perishable_token` = '0BiE--dx1CSHT39Y5JcX', `last_request_at` = '2009-12-03 15:28:38' WHERE `id` = 2[0m
  [4;36;1mSQL (0.6ms)[0m   [0;1mCOMMIT[0m
Redirected to http://codd.u-strasbg.fr:3300/account
Filter chain halted as [:require_no_user] rendered_or_redirected.
Completed in 19ms (DB: 3) | 302 Found [http://codd.u-strasbg.fr/account]
  [4;35;1mSQL (0.1ms)[0m   [0mSET NAMES 'utf8'[0m
  [4;36;1mSQL (0.1ms)[0m   [0;1mSET SQL_AUTO_IS_NULL=0[0m


Processing UsersController#create (for 130.79.7.2 at 2009-12-03 16:28:39) [POST]
  Parameters: {"commit"=>"Register", "action"=>"create", "authenticity_token"=>"0+nXv76jOQ9Wb2UEn5pv4L/rXozn+9Dn7qSN3CpG7ag=", "controller"=>"users", "user"=>{"password_confirmation"=>"[FILTERED]", "password"=>"[FILTERED]", "login"=>"pipo", "email"=>"pipo@molo.fr"}}
  [4;35;1mUser Columns (1.2ms)[0m   [0mSHOW FIELDS FROM `users`[0m
  [4;36;1mUser Load (0.4ms)[0m   [0;1mSELECT * FROM `users` WHERE (`users`.`persistence_token` = '74cd8b3df61b959d85d80680ed6c5c5d6f40f4369fe2e2d95dace2e54d35077dc2fdcc0527fcc7d84484f1e8d1072c524d72b6659da85eadba131900654e2cbe') LIMIT 1[0m
  [4;35;1mSQL (0.1ms)[0m   [0mBEGIN[0m
  [4;36;1mUser Update (0.3ms)[0m   [0;1mUPDATE `users` SET `updated_at` = '2009-12-03 15:28:39', `perishable_token` = 'sqSMfM5umlmoxo5BoqUp', `last_request_at` = '2009-12-03 15:28:39' WHERE `id` = 2[0m
  [4;35;1mSQL (0.6ms)[0m   [0mCOMMIT[0m
Redirected to http://codd.u-strasbg.fr:3300/account
Filter chain halted as [:require_no_user] rendered_or_redirected.
Completed in 93ms (DB: 3) | 302 Found [http://codd.u-strasbg.fr/account]
  [4;36;1mSQL (0.1ms)[0m   [0;1mSET NAMES 'utf8'[0m
  [4;35;1mSQL (0.1ms)[0m   [0mSET SQL_AUTO_IS_NULL=0[0m


Processing UsersController#create (for 130.79.7.2 at 2009-12-03 16:28:39) [POST]
  Parameters: {"commit"=>"Register", "action"=>"create", "authenticity_token"=>"0+nXv76jOQ9Wb2UEn5pv4L/rXozn+9Dn7qSN3CpG7ag=", "controller"=>"users", "user"=>{"password_confirmation"=>"[FILTERED]", "password"=>"[FILTERED]", "login"=>"pipo", "email"=>"pipo@molo.fr"}}
  [4;36;1mUser Columns (1.5ms)[0m   [0;1mSHOW FIELDS FROM `users`[0m
  [4;35;1mUser Load (0.4ms)[0m   [0mSELECT * FROM `users` WHERE (`users`.`persistence_token` = '74cd8b3df61b959d85d80680ed6c5c5d6f40f4369fe2e2d95dace2e54d35077dc2fdcc0527fcc7d84484f1e8d1072c524d72b6659da85eadba131900654e2cbe') LIMIT 1[0m
  [4;36;1mSQL (0.1ms)[0m   [0;1mBEGIN[0m
  [4;35;1mUser Update (0.3ms)[0m   [0mUPDATE `users` SET `updated_at` = '2009-12-03 15:28:39', `perishable_token` = 'mdxj-DZp-jEyc3NtGBqT', `last_request_at` = '2009-12-03 15:28:39' WHERE `id` = 2[0m
  [4;36;1mSQL (0.5ms)[0m   [0;1mCOMMIT[0m
Redirected to http://codd.u-strasbg.fr:3300/account
Filter chain halted as [:require_no_user] rendered_or_redirected.
Completed in 24ms (DB: 3) | 302 Found [http://codd.u-strasbg.fr/account]
  [4;35;1mSQL (0.1ms)[0m   [0mSET NAMES 'utf8'[0m
  [4;36;1mSQL (0.0ms)[0m   [0;1mSET SQL_AUTO_IS_NULL=0[0m


Processing UsersController#create (for 130.79.7.2 at 2009-12-03 16:28:40) [POST]
  Parameters: {"commit"=>"Register", "action"=>"create", "authenticity_token"=>"0+nXv76jOQ9Wb2UEn5pv4L/rXozn+9Dn7qSN3CpG7ag=", "controller"=>"users", "user"=>{"password_confirmation"=>"[FILTERED]", "password"=>"[FILTERED]", "login"=>"pipo", "email"=>"pipo@molo.fr"}}
  [4;35;1mUser Columns (1.2ms)[0m   [0mSHOW FIELDS FROM `users`[0m
  [4;36;1mUser Load (0.3ms)[0m   [0;1mSELECT * FROM `users` WHERE (`users`.`persistence_token` = '74cd8b3df61b959d85d80680ed6c5c5d6f40f4369fe2e2d95dace2e54d35077dc2fdcc0527fcc7d84484f1e8d1072c524d72b6659da85eadba131900654e2cbe') LIMIT 1[0m
  [4;35;1mSQL (0.1ms)[0m   [0mBEGIN[0m
  [4;36;1mUser Update (0.3ms)[0m   [0;1mUPDATE `users` SET `updated_at` = '2009-12-03 15:28:40', `perishable_token` = 'GPYUrpGXT8YMJRV8X2KK', `last_request_at` = '2009-12-03 15:28:40' WHERE `id` = 2[0m
  [4;35;1mSQL (24.5ms)[0m   [0mCOMMIT[0m
Redirected to http://codd.u-strasbg.fr:3300/account
Filter chain halted as [:require_no_user] rendered_or_redirected.
Completed in 47ms (DB: 27) | 302 Found [http://codd.u-strasbg.fr/account]
  [4;36;1mSQL (0.1ms)[0m   [0;1mSET NAMES 'utf8'[0m
  [4;35;1mSQL (0.0ms)[0m   [0mSET SQL_AUTO_IS_NULL=0[0m


Processing UsersController#create (for 130.79.7.2 at 2009-12-03 16:28:40) [POST]
  Parameters: {"commit"=>"Register", "action"=>"create", "authenticity_token"=>"0+nXv76jOQ9Wb2UEn5pv4L/rXozn+9Dn7qSN3CpG7ag=", "controller"=>"users", "user"=>{"password_confirmation"=>"[FILTERED]", "password"=>"[FILTERED]", "login"=>"pipo", "email"=>"pipo@molo.fr"}}
  [4;36;1mUser Columns (1.3ms)[0m   [0;1mSHOW FIELDS FROM `users`[0m
  [4;35;1mUser Load (0.3ms)[0m   [0mSELECT * FROM `users` WHERE (`users`.`persistence_token` = '74cd8b3df61b959d85d80680ed6c5c5d6f40f4369fe2e2d95dace2e54d35077dc2fdcc0527fcc7d84484f1e8d1072c524d72b6659da85eadba131900654e2cbe') LIMIT 1[0m
  [4;36;1mSQL (0.1ms)[0m   [0;1mBEGIN[0m
  [4;35;1mUser Update (0.3ms)[0m   [0mUPDATE `users` SET `updated_at` = '2009-12-03 15:28:40', `perishable_token` = 'mMfOEI_QtLv-Edc-snwI', `last_request_at` = '2009-12-03 15:28:40' WHERE `id` = 2[0m
  [4;36;1mSQL (0.6ms)[0m   [0;1mCOMMIT[0m
Redirected to http://codd.u-strasbg.fr:3300/account
Filter chain halted as [:require_no_user] rendered_or_redirected.
Completed in 21ms (DB: 3) | 302 Found [http://codd.u-strasbg.fr/account]
  [4;35;1mSQL (0.1ms)[0m   [0mSET NAMES 'utf8'[0m
  [4;36;1mSQL (0.0ms)[0m   [0;1mSET SQL_AUTO_IS_NULL=0[0m


Processing UsersController#create (for 130.79.7.2 at 2009-12-03 16:28:41) [POST]
  Parameters: {"commit"=>"Register", "action"=>"create", "authenticity_token"=>"0+nXv76jOQ9Wb2UEn5pv4L/rXozn+9Dn7qSN3CpG7ag=", "controller"=>"users", "user"=>{"password_confirmation"=>"[FILTERED]", "password"=>"[FILTERED]", "login"=>"pipo", "email"=>"pipo@molo.fr"}}
  [4;35;1mUser Columns (1.2ms)[0m   [0mSHOW FIELDS FROM `users`[0m
  [4;36;1mUser Load (0.3ms)[0m   [0;1mSELECT * FROM `users` WHERE (`users`.`persistence_token` = '74cd8b3df61b959d85d80680ed6c5c5d6f40f4369fe2e2d95dace2e54d35077dc2fdcc0527fcc7d84484f1e8d1072c524d72b6659da85eadba131900654e2cbe') LIMIT 1[0m
  [4;35;1mSQL (0.1ms)[0m   [0mBEGIN[0m
  [4;36;1mUser Update (0.3ms)[0m   [0;1mUPDATE `users` SET `updated_at` = '2009-12-03 15:28:41', `perishable_token` = '8jYVVOVsHsbbmX1v53rd', `last_request_at` = '2009-12-03 15:28:41' WHERE `id` = 2[0m
  [4;35;1mSQL (0.6ms)[0m   [0mCOMMIT[0m
Redirected to http://codd.u-strasbg.fr:3300/account
Filter chain halted as [:require_no_user] rendered_or_redirected.
Completed in 21ms (DB: 3) | 302 Found [http://codd.u-strasbg.fr/account]
  [4;36;1mSQL (0.1ms)[0m   [0;1mSET NAMES 'utf8'[0m
  [4;35;1mSQL (0.0ms)[0m   [0mSET SQL_AUTO_IS_NULL=0[0m


Processing UsersController#create (for 130.79.7.2 at 2009-12-03 16:28:41) [POST]
  Parameters: {"commit"=>"Register", "action"=>"create", "authenticity_token"=>"0+nXv76jOQ9Wb2UEn5pv4L/rXozn+9Dn7qSN3CpG7ag=", "controller"=>"users", "user"=>{"password_confirmation"=>"[FILTERED]", "password"=>"[FILTERED]", "login"=>"pipo", "email"=>"pipo@molo.fr"}}
  [4;36;1mUser Columns (1.2ms)[0m   [0;1mSHOW FIELDS FROM `users`[0m
  [4;35;1mUser Load (0.3ms)[0m   [0mSELECT * FROM `users` WHERE (`users`.`persistence_token` = '74cd8b3df61b959d85d80680ed6c5c5d6f40f4369fe2e2d95dace2e54d35077dc2fdcc0527fcc7d84484f1e8d1072c524d72b6659da85eadba131900654e2cbe') LIMIT 1[0m
  [4;36;1mSQL (0.1ms)[0m   [0;1mBEGIN[0m
  [4;35;1mUser Update (0.3ms)[0m   [0mUPDATE `users` SET `updated_at` = '2009-12-03 15:28:41', `perishable_token` = 'pRDcW__0ErBbPsnf3Z-G', `last_request_at` = '2009-12-03 15:28:41' WHERE `id` = 2[0m
  [4;36;1mSQL (0.6ms)[0m   [0;1mCOMMIT[0m
Redirected to http://codd.u-strasbg.fr:3300/account
Filter chain halted as [:require_no_user] rendered_or_redirected.
Completed in 19ms (DB: 3) | 302 Found [http://codd.u-strasbg.fr/account]
  [4;35;1mSQL (0.1ms)[0m   [0mSET NAMES 'utf8'[0m
  [4;36;1mSQL (0.0ms)[0m   [0;1mSET SQL_AUTO_IS_NULL=0[0m


Processing UsersController#create (for 130.79.7.2 at 2009-12-03 16:28:41) [POST]
  Parameters: {"commit"=>"Register", "action"=>"create", "authenticity_token"=>"0+nXv76jOQ9Wb2UEn5pv4L/rXozn+9Dn7qSN3CpG7ag=", "controller"=>"users", "user"=>{"password_confirmation"=>"[FILTERED]", "password"=>"[FILTERED]", "login"=>"pipo", "email"=>"pipo@molo.fr"}}
  [4;35;1mUser Columns (1.4ms)[0m   [0mSHOW FIELDS FROM `users`[0m
  [4;36;1mUser Load (0.4ms)[0m   [0;1mSELECT * FROM `users` WHERE (`users`.`persistence_token` = '74cd8b3df61b959d85d80680ed6c5c5d6f40f4369fe2e2d95dace2e54d35077dc2fdcc0527fcc7d84484f1e8d1072c524d72b6659da85eadba131900654e2cbe') LIMIT 1[0m
  [4;35;1mSQL (0.2ms)[0m   [0mBEGIN[0m
  [4;36;1mUser Update (0.3ms)[0m   [0;1mUPDATE `users` SET `updated_at` = '2009-12-03 15:28:41', `perishable_token` = 'byO1swBqS_uhgwXvZIIl', `last_request_at` = '2009-12-03 15:28:41' WHERE `id` = 2[0m
  [4;35;1mSQL (4.0ms)[0m   [0mCOMMIT[0m
Redirected to http://codd.u-strasbg.fr:3300/account
Filter chain halted as [:require_no_user] rendered_or_redirected.
Completed in 97ms (DB: 6) | 302 Found [http://codd.u-strasbg.fr/account]
  [4;36;1mSQL (0.1ms)[0m   [0;1mSET NAMES 'utf8'[0m
  [4;35;1mSQL (0.0ms)[0m   [0mSET SQL_AUTO_IS_NULL=0[0m


Processing UsersController#create (for 130.79.7.2 at 2009-12-03 16:28:41) [POST]
  Parameters: {"commit"=>"Register", "action"=>"create", "authenticity_token"=>"0+nXv76jOQ9Wb2UEn5pv4L/rXozn+9Dn7qSN3CpG7ag=", "controller"=>"users", "user"=>{"password_confirmation"=>"[FILTERED]", "password"=>"[FILTERED]", "login"=>"pipo", "email"=>"pipo@molo.fr"}}
  [4;36;1mUser Columns (1.2ms)[0m   [0;1mSHOW FIELDS FROM `users`[0m
  [4;35;1mUser Load (0.3ms)[0m   [0mSELECT * FROM `users` WHERE (`users`.`persistence_token` = '74cd8b3df61b959d85d80680ed6c5c5d6f40f4369fe2e2d95dace2e54d35077dc2fdcc0527fcc7d84484f1e8d1072c524d72b6659da85eadba131900654e2cbe') LIMIT 1[0m
  [4;36;1mSQL (0.1ms)[0m   [0;1mBEGIN[0m
  [4;35;1mUser Update (0.3ms)[0m   [0mUPDATE `users` SET `updated_at` = '2009-12-03 15:28:41', `perishable_token` = 'Ui2tR2PcdY4KkGTySCjo', `last_request_at` = '2009-12-03 15:28:41' WHERE `id` = 2[0m
  [4;36;1mSQL (0.6ms)[0m   [0;1mCOMMIT[0m
Redirected to http://codd.u-strasbg.fr:3300/account
Filter chain halted as [:require_no_user] rendered_or_redirected.
Completed in 37ms (DB: 3) | 302 Found [http://codd.u-strasbg.fr/account]
  [4;35;1mSQL (0.1ms)[0m   [0mSET NAMES 'utf8'[0m
  [4;36;1mSQL (0.0ms)[0m   [0;1mSET SQL_AUTO_IS_NULL=0[0m


Processing UsersController#create (for 130.79.7.2 at 2009-12-03 16:28:41) [POST]
  Parameters: {"commit"=>"Register", "action"=>"create", "authenticity_token"=>"0+nXv76jOQ9Wb2UEn5pv4L/rXozn+9Dn7qSN3CpG7ag=", "controller"=>"users", "user"=>{"password_confirmation"=>"[FILTERED]", "password"=>"[FILTERED]", "login"=>"pipo", "email"=>"pipo@molo.fr"}}
  [4;35;1mUser Columns (1.2ms)[0m   [0mSHOW FIELDS FROM `users`[0m
  [4;36;1mUser Load (0.4ms)[0m   [0;1mSELECT * FROM `users` WHERE (`users`.`persistence_token` = '74cd8b3df61b959d85d80680ed6c5c5d6f40f4369fe2e2d95dace2e54d35077dc2fdcc0527fcc7d84484f1e8d1072c524d72b6659da85eadba131900654e2cbe') LIMIT 1[0m
  [4;35;1mSQL (0.1ms)[0m   [0mBEGIN[0m
  [4;36;1mUser Update (0.3ms)[0m   [0;1mUPDATE `users` SET `updated_at` = '2009-12-03 15:28:41', `perishable_token` = 'TCoJsZ0fGa7DIOxwtBaV', `last_request_at` = '2009-12-03 15:28:41' WHERE `id` = 2[0m
  [4;35;1mSQL (0.5ms)[0m   [0mCOMMIT[0m
Redirected to http://codd.u-strasbg.fr:3300/account
Filter chain halted as [:require_no_user] rendered_or_redirected.
Completed in 20ms (DB: 3) | 302 Found [http://codd.u-strasbg.fr/account]
  [4;36;1mSQL (0.1ms)[0m   [0;1mSET NAMES 'utf8'[0m
  [4;35;1mSQL (0.0ms)[0m   [0mSET SQL_AUTO_IS_NULL=0[0m


Processing UsersController#create (for 130.79.7.2 at 2009-12-03 16:28:41) [POST]
  Parameters: {"commit"=>"Register", "action"=>"create", "authenticity_token"=>"0+nXv76jOQ9Wb2UEn5pv4L/rXozn+9Dn7qSN3CpG7ag=", "controller"=>"users", "user"=>{"password_confirmation"=>"[FILTERED]", "password"=>"[FILTERED]", "login"=>"pipo", "email"=>"pipo@molo.fr"}}
  [4;36;1mUser Columns (1.2ms)[0m   [0;1mSHOW FIELDS FROM `users`[0m
  [4;35;1mUser Load (0.3ms)[0m   [0mSELECT * FROM `users` WHERE (`users`.`persistence_token` = '74cd8b3df61b959d85d80680ed6c5c5d6f40f4369fe2e2d95dace2e54d35077dc2fdcc0527fcc7d84484f1e8d1072c524d72b6659da85eadba131900654e2cbe') LIMIT 1[0m
  [4;36;1mSQL (0.1ms)[0m   [0;1mBEGIN[0m
  [4;35;1mUser Update (0.3ms)[0m   [0mUPDATE `users` SET `updated_at` = '2009-12-03 15:28:41', `perishable_token` = 'PnnapExEx20UfFT3drcv', `last_request_at` = '2009-12-03 15:28:41' WHERE `id` = 2[0m
  [4;36;1mSQL (0.5ms)[0m   [0;1mCOMMIT[0m
Redirected to http://codd.u-strasbg.fr:3300/account
Filter chain halted as [:require_no_user] rendered_or_redirected.
Completed in 22ms (DB: 3) | 302 Found [http://codd.u-strasbg.fr/account]
  [4;35;1mSQL (0.1ms)[0m   [0mSET NAMES 'utf8'[0m
  [4;36;1mSQL (0.0ms)[0m   [0;1mSET SQL_AUTO_IS_NULL=0[0m


Processing UsersController#create (for 130.79.7.2 at 2009-12-03 16:28:42) [POST]
  Parameters: {"commit"=>"Register", "action"=>"create", "authenticity_token"=>"0+nXv76jOQ9Wb2UEn5pv4L/rXozn+9Dn7qSN3CpG7ag=", "controller"=>"users", "user"=>{"password_confirmation"=>"[FILTERED]", "password"=>"[FILTERED]", "login"=>"pipo", "email"=>"pipo@molo.fr"}}
  [4;35;1mUser Columns (1.2ms)[0m   [0mSHOW FIELDS FROM `users`[0m
  [4;36;1mUser Load (0.3ms)[0m   [0;1mSELECT * FROM `users` WHERE (`users`.`persistence_token` = '74cd8b3df61b959d85d80680ed6c5c5d6f40f4369fe2e2d95dace2e54d35077dc2fdcc0527fcc7d84484f1e8d1072c524d72b6659da85eadba131900654e2cbe') LIMIT 1[0m
  [4;35;1mSQL (0.1ms)[0m   [0mBEGIN[0m
  [4;36;1mUser Update (0.3ms)[0m   [0;1mUPDATE `users` SET `updated_at` = '2009-12-03 15:28:42', `perishable_token` = 'O7LkLaEUSbZg4wBfsUvk', `last_request_at` = '2009-12-03 15:28:42' WHERE `id` = 2[0m
  [4;35;1mSQL (0.5ms)[0m   [0mCOMMIT[0m
Redirected to http://codd.u-strasbg.fr:3300/account
Filter chain halted as [:require_no_user] rendered_or_redirected.
Completed in 26ms (DB: 2) | 302 Found [http://codd.u-strasbg.fr/account]
  [4;36;1mSQL (0.1ms)[0m   [0;1mSET NAMES 'utf8'[0m
  [4;35;1mSQL (0.0ms)[0m   [0mSET SQL_AUTO_IS_NULL=0[0m


Processing UsersController#create (for 130.79.7.2 at 2009-12-03 16:28:42) [POST]
  Parameters: {"commit"=>"Register", "action"=>"create", "authenticity_token"=>"0+nXv76jOQ9Wb2UEn5pv4L/rXozn+9Dn7qSN3CpG7ag=", "controller"=>"users", "user"=>{"password_confirmation"=>"[FILTERED]", "password"=>"[FILTERED]", "login"=>"pipo", "email"=>"pipo@molo.fr"}}
  [4;36;1mUser Columns (1.2ms)[0m   [0;1mSHOW FIELDS FROM `users`[0m
  [4;35;1mUser Load (0.4ms)[0m   [0mSELECT * FROM `users` WHERE (`users`.`persistence_token` = '74cd8b3df61b959d85d80680ed6c5c5d6f40f4369fe2e2d95dace2e54d35077dc2fdcc0527fcc7d84484f1e8d1072c524d72b6659da85eadba131900654e2cbe') LIMIT 1[0m
  [4;36;1mSQL (0.2ms)[0m   [0;1mBEGIN[0m
  [4;35;1mUser Update (0.3ms)[0m   [0mUPDATE `users` SET `updated_at` = '2009-12-03 15:28:42', `perishable_token` = 'cI2EkSYskGoQBLRtV8LC', `last_request_at` = '2009-12-03 15:28:42' WHERE `id` = 2[0m
  [4;36;1mSQL (0.6ms)[0m   [0;1mCOMMIT[0m
Redirected to http://codd.u-strasbg.fr:3300/account
Filter chain halted as [:require_no_user] rendered_or_redirected.
Completed in 20ms (DB: 3) | 302 Found [http://codd.u-strasbg.fr/account]
  [4;35;1mSQL (0.1ms)[0m   [0mSET NAMES 'utf8'[0m
  [4;36;1mSQL (0.0ms)[0m   [0;1mSET SQL_AUTO_IS_NULL=0[0m


Processing UsersController#create (for 130.79.7.2 at 2009-12-03 16:28:42) [POST]
  Parameters: {"commit"=>"Register", "action"=>"create", "authenticity_token"=>"0+nXv76jOQ9Wb2UEn5pv4L/rXozn+9Dn7qSN3CpG7ag=", "controller"=>"users", "user"=>{"password_confirmation"=>"[FILTERED]", "password"=>"[FILTERED]", "login"=>"pipo", "email"=>"pipo@molo.fr"}}
  [4;35;1mUser Columns (1.5ms)[0m   [0mSHOW FIELDS FROM `users`[0m
  [4;36;1mUser Load (0.4ms)[0m   [0;1mSELECT * FROM `users` WHERE (`users`.`persistence_token` = '74cd8b3df61b959d85d80680ed6c5c5d6f40f4369fe2e2d95dace2e54d35077dc2fdcc0527fcc7d84484f1e8d1072c524d72b6659da85eadba131900654e2cbe') LIMIT 1[0m
  [4;35;1mSQL (0.1ms)[0m   [0mBEGIN[0m
  [4;36;1mUser Update (0.3ms)[0m   [0;1mUPDATE `users` SET `updated_at` = '2009-12-03 15:28:42', `perishable_token` = 'ea3vHFbhHBluFs17TGKo', `last_request_at` = '2009-12-03 15:28:42' WHERE `id` = 2[0m
  [4;35;1mSQL (0.6ms)[0m   [0mCOMMIT[0m
Redirected to http://codd.u-strasbg.fr:3300/account
Filter chain halted as [:require_no_user] rendered_or_redirected.
Completed in 23ms (DB: 3) | 302 Found [http://codd.u-strasbg.fr/account]
  [4;36;1mSQL (0.1ms)[0m   [0;1mSET NAMES 'utf8'[0m
  [4;35;1mSQL (0.0ms)[0m   [0mSET SQL_AUTO_IS_NULL=0[0m


Processing UsersController#create (for 130.79.7.2 at 2009-12-03 16:28:44) [POST]
  Parameters: {"commit"=>"Register", "action"=>"create", "authenticity_token"=>"0+nXv76jOQ9Wb2UEn5pv4L/rXozn+9Dn7qSN3CpG7ag=", "controller"=>"users", "user"=>{"password_confirmation"=>"[FILTERED]", "password"=>"[FILTERED]", "login"=>"pipo", "email"=>"pipo@molo.fr"}}
  [4;36;1mUser Columns (1.2ms)[0m   [0;1mSHOW FIELDS FROM `users`[0m
  [4;35;1mUser Load (0.3ms)[0m   [0mSELECT * FROM `users` WHERE (`users`.`persistence_token` = '74cd8b3df61b959d85d80680ed6c5c5d6f40f4369fe2e2d95dace2e54d35077dc2fdcc0527fcc7d84484f1e8d1072c524d72b6659da85eadba131900654e2cbe') LIMIT 1[0m
  [4;36;1mSQL (0.1ms)[0m   [0;1mBEGIN[0m
  [4;35;1mUser Update (0.3ms)[0m   [0mUPDATE `users` SET `updated_at` = '2009-12-03 15:28:44', `perishable_token` = 'GsRK4WtpWH8KhImG3Cfp', `last_request_at` = '2009-12-03 15:28:44' WHERE `id` = 2[0m
  [4;36;1mSQL (23.1ms)[0m   [0;1mCOMMIT[0m
Redirected to http://codd.u-strasbg.fr:3300/account
Filter chain halted as [:require_no_user] rendered_or_redirected.
Completed in 44ms (DB: 25) | 302 Found [http://codd.u-strasbg.fr/account]
  [4;35;1mSQL (0.1ms)[0m   [0mSET NAMES 'utf8'[0m
  [4;36;1mSQL (0.1ms)[0m   [0;1mSET SQL_AUTO_IS_NULL=0[0m


Processing UsersController#new (for 130.79.7.1 at 2009-12-03 16:29:26) [GET]
  Parameters: {"action"=>"new", "controller"=>"users"}
  [4;35;1mUser Columns (1.2ms)[0m   [0mSHOW FIELDS FROM `users`[0m
  [4;36;1mUser Load (0.3ms)[0m   [0;1mSELECT * FROM `users` WHERE (`users`.`persistence_token` = '8132fd3d605d1dab3bb1670bfc13bf1a140dec61a2f75750e5bf0d51604e786bc67c56ce5bfdf10888e900bee6d19cf6ce0cae41fe4a782975ea209ea485abf4') LIMIT 1[0m
  [4;35;1mSQL (0.1ms)[0m   [0mBEGIN[0m
  [4;36;1mUser Update (0.3ms)[0m   [0;1mUPDATE `users` SET `updated_at` = '2009-12-03 15:29:26', `perishable_token` = '67fn7_RzlQbin5rv-pcc', `last_request_at` = '2009-12-03 15:29:26' WHERE `id` = 1[0m
  [4;35;1mSQL (0.6ms)[0m   [0mCOMMIT[0m
Redirected to http://codd.u-strasbg.fr:3300/account
Filter chain halted as [:require_no_user] rendered_or_redirected.
Completed in 35ms (DB: 3) | 302 Found [http://codd.u-strasbg.fr/account/new]
  [4;36;1mSQL (0.0ms)[0m   [0;1mSET NAMES 'utf8'[0m
  [4;35;1mSQL (0.0ms)[0m   [0mSET SQL_AUTO_IS_NULL=0[0m


Processing UsersController#show (for 130.79.7.1 at 2009-12-03 16:29:26) [GET]
  Parameters: {"action"=>"show", "controller"=>"users"}
  [4;36;1mUser Columns (1.2ms)[0m   [0;1mSHOW FIELDS FROM `users`[0m
  [4;35;1mUser Load (0.3ms)[0m   [0mSELECT * FROM `users` WHERE (`users`.`persistence_token` = '8132fd3d605d1dab3bb1670bfc13bf1a140dec61a2f75750e5bf0d51604e786bc67c56ce5bfdf10888e900bee6d19cf6ce0cae41fe4a782975ea209ea485abf4') LIMIT 1[0m
  [4;36;1mSQL (0.1ms)[0m   [0;1mBEGIN[0m
  [4;35;1mUser Update (0.3ms)[0m   [0mUPDATE `users` SET `updated_at` = '2009-12-03 15:29:26', `perishable_token` = 'M9NoqMFbeGnFDlFkjDXx', `last_request_at` = '2009-12-03 15:29:26' WHERE `id` = 1[0m
  [4;36;1mSQL (0.5ms)[0m   [0;1mCOMMIT[0m
Rendering users/show
Completed in 23ms (View: 2, DB: 3) | 200 OK [http://codd.u-strasbg.fr/account]
  [4;35;1mSQL (0.1ms)[0m   [0mSET NAMES 'utf8'[0m
  [4;36;1mSQL (0.1ms)[0m   [0;1mSET SQL_AUTO_IS_NULL=0[0m


Processing UsersController#new (for 130.79.7.1 at 2009-12-03 16:29:32) [GET]
  Parameters: {"action"=>"new", "controller"=>"users"}
  [4;35;1mUser Columns (1.3ms)[0m   [0mSHOW FIELDS FROM `users`[0m
  [4;36;1mUser Load (0.3ms)[0m   [0;1mSELECT * FROM `users` WHERE (`users`.`persistence_token` = '8132fd3d605d1dab3bb1670bfc13bf1a140dec61a2f75750e5bf0d51604e786bc67c56ce5bfdf10888e900bee6d19cf6ce0cae41fe4a782975ea209ea485abf4') LIMIT 1[0m
  [4;35;1mSQL (0.1ms)[0m   [0mBEGIN[0m
  [4;36;1mUser Update (0.3ms)[0m   [0;1mUPDATE `users` SET `updated_at` = '2009-12-03 15:29:32', `perishable_token` = 'U4vZ0wPRh-w-W0GuKjuu', `last_request_at` = '2009-12-03 15:29:32' WHERE `id` = 1[0m
  [4;35;1mSQL (0.6ms)[0m   [0mCOMMIT[0m
Redirected to http://codd.u-strasbg.fr:3300/account
Filter chain halted as [:require_no_user] rendered_or_redirected.
Completed in 25ms (DB: 3) | 302 Found [http://codd.u-strasbg.fr/account/new]
  [4;36;1mSQL (0.1ms)[0m   [0;1mSET NAMES 'utf8'[0m
  [4;35;1mSQL (0.0ms)[0m   [0mSET SQL_AUTO_IS_NULL=0[0m


Processing UsersController#show (for 130.79.7.1 at 2009-12-03 16:29:32) [GET]
  Parameters: {"action"=>"show", "controller"=>"users"}
  [4;36;1mUser Columns (1.2ms)[0m   [0;1mSHOW FIELDS FROM `users`[0m
  [4;35;1mUser Load (0.3ms)[0m   [0mSELECT * FROM `users` WHERE (`users`.`persistence_token` = '8132fd3d605d1dab3bb1670bfc13bf1a140dec61a2f75750e5bf0d51604e786bc67c56ce5bfdf10888e900bee6d19cf6ce0cae41fe4a782975ea209ea485abf4') LIMIT 1[0m
  [4;36;1mSQL (0.1ms)[0m   [0;1mBEGIN[0m
  [4;35;1mUser Update (0.3ms)[0m   [0mUPDATE `users` SET `updated_at` = '2009-12-03 15:29:32', `perishable_token` = '2JVoVNklJISByz9YyVez', `last_request_at` = '2009-12-03 15:29:32' WHERE `id` = 1[0m
  [4;36;1mSQL (0.5ms)[0m   [0;1mCOMMIT[0m
Rendering users/show
Completed in 23ms (View: 1, DB: 2) | 200 OK [http://codd.u-strasbg.fr/account]
  [4;35;1mSQL (0.2ms)[0m   [0mSET NAMES 'utf8'[0m
  [4;36;1mSQL (0.1ms)[0m   [0;1mSET SQL_AUTO_IS_NULL=0[0m


Processing UsersController#edit (for 130.79.7.1 at 2009-12-03 16:29:38) [GET]
  Parameters: {"action"=>"edit", "controller"=>"users"}
  [4;35;1mUser Columns (1.2ms)[0m   [0mSHOW FIELDS FROM `users`[0m
  [4;36;1mUser Load (0.3ms)[0m   [0;1mSELECT * FROM `users` WHERE (`users`.`persistence_token` = '8132fd3d605d1dab3bb1670bfc13bf1a140dec61a2f75750e5bf0d51604e786bc67c56ce5bfdf10888e900bee6d19cf6ce0cae41fe4a782975ea209ea485abf4') LIMIT 1[0m
  [4;35;1mSQL (0.1ms)[0m   [0mBEGIN[0m
  [4;36;1mUser Update (0.2ms)[0m   [0;1mUPDATE `users` SET `updated_at` = '2009-12-03 15:29:38', `perishable_token` = 'JXYNCBdkLUvWLQSx5ejj', `last_request_at` = '2009-12-03 15:29:38' WHERE `id` = 1[0m
  [4;35;1mSQL (1.0ms)[0m   [0mCOMMIT[0m
Rendering users/edit
Rendered users/_form (2.1ms)
Completed in 36ms (View: 12, DB: 3) | 200 OK [http://codd.u-strasbg.fr/account/edit]
  [4;36;1mSQL (0.1ms)[0m   [0;1mSET NAMES 'utf8'[0m
  [4;35;1mSQL (0.0ms)[0m   [0mSET SQL_AUTO_IS_NULL=0[0m


Processing UserSessionsController#index (for 130.79.7.1 at 2009-12-03 16:31:18) [GET]
  Parameters: {"action"=>"index", "controller"=>"user_sessions"}

ActionController::UnknownAction (No action responded to index. Actions: create, destroy, and new):
  /usr/lib/ruby/1.8/webrick/httpserver.rb:104:in `service'
  /usr/lib/ruby/1.8/webrick/httpserver.rb:65:in `run'
  /usr/lib/ruby/1.8/webrick/server.rb:173:in `start_thread'
  /usr/lib/ruby/1.8/webrick/server.rb:162:in `start'
  /usr/lib/ruby/1.8/webrick/server.rb:162:in `start_thread'
  /usr/lib/ruby/1.8/webrick/server.rb:95:in `start'
  /usr/lib/ruby/1.8/webrick/server.rb:92:in `each'
  /usr/lib/ruby/1.8/webrick/server.rb:92:in `start'
  /usr/lib/ruby/1.8/webrick/server.rb:23:in `start'
  /usr/lib/ruby/1.8/webrick/server.rb:82:in `start'

Rendering rescues/layout (not_found)
  [4;36;1mSQL (0.1ms)[0m   [0;1mSET NAMES 'utf8'[0m
  [4;35;1mSQL (0.1ms)[0m   [0mSET SQL_AUTO_IS_NULL=0[0m


Processing UsersController#edit (for 130.79.7.1 at 2009-12-03 16:32:08) [GET]
  Parameters: {"action"=>"edit", "controller"=>"users"}
  [4;36;1mUser Columns (1.2ms)[0m   [0;1mSHOW FIELDS FROM `users`[0m
  [4;35;1mUser Load (0.3ms)[0m   [0mSELECT * FROM `users` WHERE (`users`.`persistence_token` = '7582eae734857a4fc74a08a1c7f0d256ac03f8adaea6086051693e4895eec9565af724b06c5b888ad006c589ade714de6973129cffeb545a28de2965451102cf') LIMIT 1[0m
Redirected to http://codd.u-strasbg.fr:3300/user_session/new
Filter chain halted as [:require_user] rendered_or_redirected.
Completed in 14ms (DB: 2) | 302 Found [http://codd.u-strasbg.fr/account/edit]
  [4;36;1mSQL (0.1ms)[0m   [0;1mSET NAMES 'utf8'[0m
  [4;35;1mSQL (0.1ms)[0m   [0mSET SQL_AUTO_IS_NULL=0[0m


Processing UserSessionsController#new (for 130.79.7.1 at 2009-12-03 16:32:08) [GET]
  Parameters: {"action"=>"new", "controller"=>"user_sessions"}
  [4;36;1mUser Columns (1.2ms)[0m   [0;1mSHOW FIELDS FROM `users`[0m
  [4;35;1mUser Load (0.3ms)[0m   [0mSELECT * FROM `users` WHERE (`users`.`persistence_token` = '7582eae734857a4fc74a08a1c7f0d256ac03f8adaea6086051693e4895eec9565af724b06c5b888ad006c589ade714de6973129cffeb545a28de2965451102cf') LIMIT 1[0m

ActionView::MissingTemplate (Missing template user_sessions/new.erb in view path app/views):
  /usr/lib/ruby/1.8/webrick/httpserver.rb:104:in `service'
  /usr/lib/ruby/1.8/webrick/httpserver.rb:65:in `run'
  /usr/lib/ruby/1.8/webrick/server.rb:173:in `start_thread'
  /usr/lib/ruby/1.8/webrick/server.rb:162:in `start'
  /usr/lib/ruby/1.8/webrick/server.rb:162:in `start_thread'
  /usr/lib/ruby/1.8/webrick/server.rb:95:in `start'
  /usr/lib/ruby/1.8/webrick/server.rb:92:in `each'
  /usr/lib/ruby/1.8/webrick/server.rb:92:in `start'
  /usr/lib/ruby/1.8/webrick/server.rb:23:in `start'
  /usr/lib/ruby/1.8/webrick/server.rb:82:in `start'

Rendering rescues/layout (internal_server_error)
  [4;36;1mSQL (0.1ms)[0m   [0;1mSET NAMES 'utf8'[0m
  [4;35;1mSQL (0.1ms)[0m   [0mSET SQL_AUTO_IS_NULL=0[0m


Processing UsersController#new (for 130.79.7.1 at 2009-12-03 16:32:16) [GET]
  Parameters: {"action"=>"new", "controller"=>"users"}
  [4;36;1mUser Columns (1.2ms)[0m   [0;1mSHOW FIELDS FROM `users`[0m
  [4;35;1mUser Load (0.3ms)[0m   [0mSELECT * FROM `users` WHERE (`users`.`persistence_token` = '7582eae734857a4fc74a08a1c7f0d256ac03f8adaea6086051693e4895eec9565af724b06c5b888ad006c589ade714de6973129cffeb545a28de2965451102cf') LIMIT 1[0m
Rendering users/new
Rendered users/_form (1.7ms)
Completed in 23ms (View: 7, DB: 2) | 200 OK [http://codd.u-strasbg.fr/account/new]
  [4;36;1mSQL (0.1ms)[0m   [0;1mSET NAMES 'utf8'[0m
  [4;35;1mSQL (0.0ms)[0m   [0mSET SQL_AUTO_IS_NULL=0[0m


Processing UsersController#create (for 130.79.7.1 at 2009-12-03 16:32:30) [POST]
  Parameters: {"commit"=>"Register", "action"=>"create", "authenticity_token"=>"5ZcLRmSOFMGjrdztW2/PbKgxHFNAlIYS26tIcgDTUtA=", "controller"=>"users", "user"=>{"password_confirmation"=>"[FILTERED]", "password"=>"[FILTERED]", "login"=>"altris", "email"=>"jeremaltris@hotmail.fr"}}
  [4;36;1mUser Columns (1.3ms)[0m   [0;1mSHOW FIELDS FROM `users`[0m
  [4;35;1mUser Load (0.3ms)[0m   [0mSELECT * FROM `users` WHERE (`users`.`persistence_token` = '7582eae734857a4fc74a08a1c7f0d256ac03f8adaea6086051693e4895eec9565af724b06c5b888ad006c589ade714de6973129cffeb545a28de2965451102cf') LIMIT 1[0m
  [4;36;1mSQL (0.1ms)[0m   [0;1mBEGIN[0m
  [4;35;1mUser Load (0.3ms)[0m   [0mSELECT `users`.id FROM `users` WHERE (LOWER(`users`.`email`) = BINARY 'jeremaltris@hotmail.fr') LIMIT 1[0m
  [4;36;1mUser Load (0.1ms)[0m   [0;1mSELECT `users`.id FROM `users` WHERE (LOWER(`users`.`login`) = BINARY 'altris') LIMIT 1[0m
  [4;35;1mUser Load (0.2ms)[0m   [0mSELECT `users`.id FROM `users` WHERE (`users`.`persistence_token` = BINARY '4ea3b46ce14acd7f05e3ab02090c641b7cdd44ba8c9d5c1f8cd20a71680b38639b323e7c8b85b520cbc6732600f4a5f11eec9b7b92e9f1dd14e9075abb9827db') LIMIT 1[0m
  [4;36;1mUser Load (0.1ms)[0m   [0;1mSELECT `users`.id FROM `users` WHERE (`users`.`single_access_token` = BINARY '4qz0iNgomkdAjKTNmU1N') LIMIT 1[0m
  [4;35;1mSQL (0.1ms)[0m   [0mROLLBACK[0m
Rendering users/new
Rendered users/_form (4.6ms)
Completed in 122ms (View: 14, DB: 3) | 200 OK [http://codd.u-strasbg.fr/account]
  [4;36;1mSQL (0.1ms)[0m   [0;1mSET NAMES 'utf8'[0m
  [4;35;1mSQL (0.1ms)[0m   [0mSET SQL_AUTO_IS_NULL=0[0m


Processing ApplicationController#index (for 130.79.7.1 at 2009-12-03 16:32:48) [GET]

ActionController::RoutingError (No route matches "/account/altris" with {:method=>:get}):
  /usr/lib/ruby/1.8/webrick/httpserver.rb:104:in `service'
  /usr/lib/ruby/1.8/webrick/httpserver.rb:65:in `run'
  /usr/lib/ruby/1.8/webrick/server.rb:173:in `start_thread'
  /usr/lib/ruby/1.8/webrick/server.rb:162:in `start'
  /usr/lib/ruby/1.8/webrick/server.rb:162:in `start_thread'
  /usr/lib/ruby/1.8/webrick/server.rb:95:in `start'
  /usr/lib/ruby/1.8/webrick/server.rb:92:in `each'
  /usr/lib/ruby/1.8/webrick/server.rb:92:in `start'
  /usr/lib/ruby/1.8/webrick/server.rb:23:in `start'
  /usr/lib/ruby/1.8/webrick/server.rb:82:in `start'

Rendering rescues/layout (not_found)
  [4;36;1mSQL (0.3ms)[0m   [0;1mSET NAMES 'utf8'[0m
  [4;35;1mSQL (0.0ms)[0m   [0mSET SQL_AUTO_IS_NULL=0[0m


Processing ApplicationController#index (for 130.79.7.1 at 2009-12-03 16:32:56) [GET]

ActionController::RoutingError (No route matches "/account/delete" with {:method=>:get}):
  /usr/lib/ruby/1.8/webrick/httpserver.rb:104:in `service'
  /usr/lib/ruby/1.8/webrick/httpserver.rb:65:in `run'
  /usr/lib/ruby/1.8/webrick/server.rb:173:in `start_thread'
  /usr/lib/ruby/1.8/webrick/server.rb:162:in `start'
  /usr/lib/ruby/1.8/webrick/server.rb:162:in `start_thread'
  /usr/lib/ruby/1.8/webrick/server.rb:95:in `start'
  /usr/lib/ruby/1.8/webrick/server.rb:92:in `each'
  /usr/lib/ruby/1.8/webrick/server.rb:92:in `start'
  /usr/lib/ruby/1.8/webrick/server.rb:23:in `start'
  /usr/lib/ruby/1.8/webrick/server.rb:82:in `start'

Rendering rescues/layout (not_found)
  [4;36;1mSQL (0.0ms)[0m   [0;1mSET NAMES 'utf8'[0m
  [4;35;1mSQL (0.1ms)[0m   [0mSET SQL_AUTO_IS_NULL=0[0m


Processing UsersController#show (for 130.79.7.1 at 2009-12-03 16:33:24) [GET]
  Parameters: {"action"=>"show", "controller"=>"users"}
  [4;36;1mUser Columns (1.2ms)[0m   [0;1mSHOW FIELDS FROM `users`[0m
  [4;35;1mUser Load (0.3ms)[0m   [0mSELECT * FROM `users` WHERE (`users`.`persistence_token` = '7582eae734857a4fc74a08a1c7f0d256ac03f8adaea6086051693e4895eec9565af724b06c5b888ad006c589ade714de6973129cffeb545a28de2965451102cf') LIMIT 1[0m
Redirected to http://codd.u-strasbg.fr:3300/user_session/new
Filter chain halted as [:require_user] rendered_or_redirected.
Completed in 27ms (DB: 2) | 302 Found [http://codd.u-strasbg.fr/account]
  [4;36;1mSQL (0.1ms)[0m   [0;1mSET NAMES 'utf8'[0m
  [4;35;1mSQL (0.1ms)[0m   [0mSET SQL_AUTO_IS_NULL=0[0m


Processing UserSessionsController#new (for 130.79.7.1 at 2009-12-03 16:33:24) [GET]
  Parameters: {"action"=>"new", "controller"=>"user_sessions"}
  [4;36;1mUser Columns (1.2ms)[0m   [0;1mSHOW FIELDS FROM `users`[0m
  [4;35;1mUser Load (0.3ms)[0m   [0mSELECT * FROM `users` WHERE (`users`.`persistence_token` = '7582eae734857a4fc74a08a1c7f0d256ac03f8adaea6086051693e4895eec9565af724b06c5b888ad006c589ade714de6973129cffeb545a28de2965451102cf') LIMIT 1[0m

ActionView::MissingTemplate (Missing template user_sessions/new.erb in view path app/views):
  /usr/lib/ruby/1.8/webrick/httpserver.rb:104:in `service'
  /usr/lib/ruby/1.8/webrick/httpserver.rb:65:in `run'
  /usr/lib/ruby/1.8/webrick/server.rb:173:in `start_thread'
  /usr/lib/ruby/1.8/webrick/server.rb:162:in `start'
  /usr/lib/ruby/1.8/webrick/server.rb:162:in `start_thread'
  /usr/lib/ruby/1.8/webrick/server.rb:95:in `start'
  /usr/lib/ruby/1.8/webrick/server.rb:92:in `each'
  /usr/lib/ruby/1.8/webrick/server.rb:92:in `start'
  /usr/lib/ruby/1.8/webrick/server.rb:23:in `start'
  /usr/lib/ruby/1.8/webrick/server.rb:82:in `start'

Rendering rescues/layout (internal_server_error)
  [4;36;1mSQL (0.1ms)[0m   [0;1mSET NAMES 'utf8'[0m
  [4;35;1mSQL (0.1ms)[0m   [0mSET SQL_AUTO_IS_NULL=0[0m


Processing UsersController#show (for 130.79.7.1 at 2009-12-03 16:42:07) [GET]
  Parameters: {"action"=>"show", "controller"=>"users"}
  [4;36;1mUser Columns (1.2ms)[0m   [0;1mSHOW FIELDS FROM `users`[0m
  [4;35;1mUser Load (0.3ms)[0m   [0mSELECT * FROM `users` WHERE (`users`.`persistence_token` = '76eb48aa15da2eee2d63a26ef6f09d471c481074aa6b72f928e3f315546e093d2ee86c673440bfab974559659e99350258f99015fca3ac25399b64f3f0a279f3') LIMIT 1[0m
Redirected to http://codd.u-strasbg.fr:3300/user_session/new
Filter chain halted as [:require_user] rendered_or_redirected.
Completed in 32ms (DB: 2) | 302 Found [http://codd.u-strasbg.fr/account]
  [4;36;1mSQL (0.1ms)[0m   [0;1mSET NAMES 'utf8'[0m
  [4;35;1mSQL (0.0ms)[0m   [0mSET SQL_AUTO_IS_NULL=0[0m


Processing UserSessionsController#new (for 130.79.7.1 at 2009-12-03 16:42:07) [GET]
  Parameters: {"action"=>"new", "controller"=>"user_sessions"}
  [4;36;1mUser Columns (1.2ms)[0m   [0;1mSHOW FIELDS FROM `users`[0m
  [4;35;1mUser Load (0.3ms)[0m   [0mSELECT * FROM `users` WHERE (`users`.`persistence_token` = '76eb48aa15da2eee2d63a26ef6f09d471c481074aa6b72f928e3f315546e093d2ee86c673440bfab974559659e99350258f99015fca3ac25399b64f3f0a279f3') LIMIT 1[0m

ActionView::MissingTemplate (Missing template user_sessions/new.erb in view path app/views):
  /usr/lib/ruby/1.8/webrick/httpserver.rb:104:in `service'
  /usr/lib/ruby/1.8/webrick/httpserver.rb:65:in `run'
  /usr/lib/ruby/1.8/webrick/server.rb:173:in `start_thread'
  /usr/lib/ruby/1.8/webrick/server.rb:162:in `start'
  /usr/lib/ruby/1.8/webrick/server.rb:162:in `start_thread'
  /usr/lib/ruby/1.8/webrick/server.rb:95:in `start'
  /usr/lib/ruby/1.8/webrick/server.rb:92:in `each'
  /usr/lib/ruby/1.8/webrick/server.rb:92:in `start'
  /usr/lib/ruby/1.8/webrick/server.rb:23:in `start'
  /usr/lib/ruby/1.8/webrick/server.rb:82:in `start'

Rendering rescues/layout (internal_server_error)
  [4;36;1mSQL (0.1ms)[0m   [0;1mSET NAMES 'utf8'[0m
  [4;35;1mSQL (0.1ms)[0m   [0mSET SQL_AUTO_IS_NULL=0[0m


Processing UsersController#new (for 130.79.7.1 at 2009-12-03 16:42:17) [GET]
  Parameters: {"action"=>"new", "controller"=>"users"}
  [4;36;1mUser Columns (1.4ms)[0m   [0;1mSHOW FIELDS FROM `users`[0m
  [4;35;1mUser Load (0.3ms)[0m   [0mSELECT * FROM `users` WHERE (`users`.`persistence_token` = '76eb48aa15da2eee2d63a26ef6f09d471c481074aa6b72f928e3f315546e093d2ee86c673440bfab974559659e99350258f99015fca3ac25399b64f3f0a279f3') LIMIT 1[0m
Rendering users/new
Rendered users/_form (2.1ms)
Completed in 100ms (View: 8, DB: 2) | 200 OK [http://codd.u-strasbg.fr/account/new]
  [4;36;1mSQL (0.1ms)[0m   [0;1mSET NAMES 'utf8'[0m
  [4;35;1mSQL (0.1ms)[0m   [0mSET SQL_AUTO_IS_NULL=0[0m


Processing UsersController#show (for 130.79.7.1 at 2009-12-03 16:45:38) [GET]
  Parameters: {"action"=>"show", "controller"=>"users"}
  [4;36;1mUser Columns (1.2ms)[0m   [0;1mSHOW FIELDS FROM `users`[0m
  [4;35;1mUser Load (0.3ms)[0m   [0mSELECT * FROM `users` WHERE (`users`.`persistence_token` = '7582eae734857a4fc74a08a1c7f0d256ac03f8adaea6086051693e4895eec9565af724b06c5b888ad006c589ade714de6973129cffeb545a28de2965451102cf') LIMIT 1[0m
Redirected to http://codd.u-strasbg.fr:3300/user_session/new
Filter chain halted as [:require_user] rendered_or_redirected.
Completed in 28ms (DB: 2) | 302 Found [http://codd.u-strasbg.fr/account]
  [4;36;1mSQL (0.1ms)[0m   [0;1mSET NAMES 'utf8'[0m
  [4;35;1mSQL (0.0ms)[0m   [0mSET SQL_AUTO_IS_NULL=0[0m


Processing UserSessionsController#new (for 130.79.7.1 at 2009-12-03 16:45:38) [GET]
  Parameters: {"action"=>"new", "controller"=>"user_sessions"}
  [4;36;1mUser Columns (1.2ms)[0m   [0;1mSHOW FIELDS FROM `users`[0m
  [4;35;1mUser Load (0.3ms)[0m   [0mSELECT * FROM `users` WHERE (`users`.`persistence_token` = '7582eae734857a4fc74a08a1c7f0d256ac03f8adaea6086051693e4895eec9565af724b06c5b888ad006c589ade714de6973129cffeb545a28de2965451102cf') LIMIT 1[0m

ActionView::MissingTemplate (Missing template user_sessions/new.erb in view path app/views):
  /usr/lib/ruby/1.8/webrick/httpserver.rb:104:in `service'
  /usr/lib/ruby/1.8/webrick/httpserver.rb:65:in `run'
  /usr/lib/ruby/1.8/webrick/server.rb:173:in `start_thread'
  /usr/lib/ruby/1.8/webrick/server.rb:162:in `start'
  /usr/lib/ruby/1.8/webrick/server.rb:162:in `start_thread'
  /usr/lib/ruby/1.8/webrick/server.rb:95:in `start'
  /usr/lib/ruby/1.8/webrick/server.rb:92:in `each'
  /usr/lib/ruby/1.8/webrick/server.rb:92:in `start'
  /usr/lib/ruby/1.8/webrick/server.rb:23:in `start'
  /usr/lib/ruby/1.8/webrick/server.rb:82:in `start'

Rendering rescues/layout (internal_server_error)
  [4;36;1mSQL (0.2ms)[0m   [0;1mSET NAMES 'utf8'[0m
  [4;35;1mSQL (0.1ms)[0m   [0mSET SQL_AUTO_IS_NULL=0[0m


Processing UsersController#new (for 130.79.7.1 at 2009-12-03 16:52:19) [GET]
  Parameters: {"action"=>"new", "controller"=>"users"}
  [4;36;1mUser Columns (1.5ms)[0m   [0;1mSHOW FIELDS FROM `users`[0m
  [4;35;1mUser Load (0.3ms)[0m   [0mSELECT * FROM `users` WHERE (`users`.`persistence_token` = '7582eae734857a4fc74a08a1c7f0d256ac03f8adaea6086051693e4895eec9565af724b06c5b888ad006c589ade714de6973129cffeb545a28de2965451102cf') LIMIT 1[0m
Rendering users/new
Rendered users/_form (3.0ms)
Completed in 60ms (View: 34, DB: 2) | 200 OK [http://codd.u-strasbg.fr/account/new]
  [4;36;1mSQL (0.1ms)[0m   [0;1mSET NAMES 'utf8'[0m
  [4;35;1mSQL (0.1ms)[0m   [0mSET SQL_AUTO_IS_NULL=0[0m


Processing Rails::InfoController#properties (for 130.79.7.1 at 2009-12-03 17:00:54) [GET]
  [4;36;1mSQL (0.3ms)[0m   [0;1mSHOW TABLES[0m
  [4;35;1mSQL (0.2ms)[0m   [0mSELECT version FROM schema_migrations[0m
Completed in 32ms (View: 4, DB: 1) | 200 OK [http://codd.u-strasbg.fr/rails/info/properties]
  [4;36;1mSQL (0.1ms)[0m   [0;1mSET NAMES 'utf8'[0m
  [4;35;1mSQL (0.1ms)[0m   [0mSET SQL_AUTO_IS_NULL=0[0m
  [4;36;1mSQL (0.2ms)[0m   [0;1mSHOW TABLES[0m
  [4;35;1mSQL (0.2ms)[0m   [0mSELECT version FROM schema_migrations[0m
Migrating to CreateUsers (20091126155145)
Migrating to CreateMessages (20091203160759)
  [4;36;1mSQL (11.7ms)[0m   [0;1mCREATE TABLE `messages` (`id` int(11) DEFAULT NULL auto_increment PRIMARY KEY, `body` text, `user_agent` varchar(255), `user_id` int(11), `created_at` datetime, `updated_at` datetime) ENGINE=InnoDB[0m
  [4;35;1mSQL (11.7ms)[0m   [0mINSERT INTO schema_migrations (version) VALUES ('20091203160759')[0m
  [4;36;1mSQL (0.3ms)[0m   [0;1mSHOW TABLES[0m
  [4;35;1mSQL (0.1ms)[0m   [0mSELECT version FROM schema_migrations[0m
  [4;36;1mSQL (0.1ms)[0m   [0;1mSHOW TABLES[0m
  [4;35;1mSQL (0.8ms)[0m   [0mSHOW FIELDS FROM `messages`[0m
  [4;36;1mSQL (0.8ms)[0m   [0;1mdescribe `messages`[0m
  [4;35;1mSQL (0.4ms)[0m   [0mSHOW KEYS FROM `messages`[0m
  [4;36;1mSQL (1.0ms)[0m   [0;1mSHOW FIELDS FROM `users`[0m
  [4;35;1mSQL (1.1ms)[0m   [0mdescribe `users`[0m
  [4;36;1mSQL (0.5ms)[0m   [0;1mSHOW KEYS FROM `users`[0m
  [4;36;1mSQL (0.2ms)[0m   [0;1mSET NAMES 'utf8'[0m
  [4;35;1mSQL (0.1ms)[0m   [0mSET SQL_AUTO_IS_NULL=0[0m
  [4;36;1mUser Columns (1.5ms)[0m   [0;1mSHOW FIELDS FROM `users`[0m
  [4;35;1mUser Load (0.4ms)[0m   [0mSELECT * FROM `users` WHERE (`users`.`id` = 1) [0m
  [4;36;1mMessage Columns (1.1ms)[0m   [0;1mSHOW FIELDS FROM `messages`[0m
  [4;35;1mSQL (0.1ms)[0m   [0mBEGIN[0m
  [4;36;1mMessage Create (0.3ms)[0m   [0;1mINSERT INTO `messages` (`created_at`, `body`, `updated_at`, `user_id`, `user_agent`) VALUES('2009-12-03 16:13:05', 'Pipo', '2009-12-03 16:13:05', 1, NULL)[0m
  [4;35;1mSQL (0.7ms)[0m   [0mCOMMIT[0m
  [4;36;1mMessage Load (0.4ms)[0m   [0;1mSELECT * FROM `messages` WHERE (`messages`.user_id = 1) [0m
